
=== Wed Apr 27 17:32:03 2022

Packages were changed.
Update Mode: updateDependencies

The following packages were updated:
  com.unity.collab-proxy from version 1.15.7 to 1.15.15
  com.unity.ide.rider from version 2.0.7 to 3.0.13
  com.unity.ide.visualstudio from version 2.0.12 to 2.0.14
  com.unity.ide.vscode from version 1.2.4 to 1.2.5
  com.unity.render-pipelines.universal from version 10.8.1 to 12.1.6
  com.unity.test-framework from version 1.1.29 to 1.1.31
  com.unity.timeline from version 1.4.8 to 1.6.4

=== Sun Jul 17 16:31:25 2022

Packages were changed.
Update Mode: updateDependencies

The following packages were updated:
  com.unity.collab-proxy from version 1.15.15 to 1.15.18
  com.unity.ide.rider from version 3.0.13 to 3.0.14
  com.unity.ide.visualstudio from version 2.0.14 to 2.0.15
  com.unity.render-pipelines.universal from version 12.1.6 to 12.1.7

=== Mon Jan 30 15:20:02 2023

Packages were changed.
Update Mode: updateDependencies

The following packages were updated:
  com.unity.collab-proxy from version 1.15.18 to 1.17.2
  com.unity.ide.rider from version 3.0.14 to 3.0.15
  com.unity.ide.visualstudio from version 2.0.15 to 2.0.16

=== Thu May 11 07:11:14 2023

Packages were changed.
Update Mode: updateDependencies

The following packages were updated:
  com.unity.collab-proxy from version 1.17.2 to 2.0.3
  com.unity.ide.rider from version 3.0.15 to 3.0.18
  com.unity.ide.visualstudio from version 2.0.16 to 2.0.17
  com.unity.render-pipelines.universal from version 12.1.7 to 12.1.11
